<?xml version="1.0" encoding="UTF-8"?>
<testsuite xmlns:xsi="http://www.w3.org/2001/XMLSchema-instance" xsi:noNamespaceSchemaLocation="https://maven.apache.org/surefire/maven-surefire-plugin/xsd/surefire-test-report-3.0.xsd" version="3.0" name="com.example.AppTest" time="0.028" tests="1" errors="0" skipped="0" failures="0">
  <properties>
    <property name="java.specification.version" value="22"/>
    <property name="sun.jnu.encoding" value="UTF-8"/>
    <property name="java.class.path" value="/Users/hosumlai/test/spring-cloud-data-flow-poc/tasks/poc-task/target/test-classes:/Users/hosumlai/test/spring-cloud-data-flow-poc/tasks/poc-task/target/classes:/Users/hosumlai/.m2/repository/junit/junit/3.8.1/junit-3.8.1.jar:/Users/hosumlai/.m2/repository/org/springframework/boot/spring-boot-starter-batch/3.3.3/spring-boot-starter-batch-3.3.3.jar:/Users/hosumlai/.m2/repository/org/springframework/boot/spring-boot-starter/3.3.3/spring-boot-starter-3.3.3.jar:/Users/hosumlai/.m2/repository/org/springframework/boot/spring-boot/3.3.3/spring-boot-3.3.3.jar:/Users/hosumlai/.m2/repository/org/springframework/boot/spring-boot-autoconfigure/3.3.3/spring-boot-autoconfigure-3.3.3.jar:/Users/hosumlai/.m2/repository/org/springframework/boot/spring-boot-starter-logging/3.3.3/spring-boot-starter-logging-3.3.3.jar:/Users/hosumlai/.m2/repository/org/apache/logging/log4j/log4j-to-slf4j/2.23.1/log4j-to-slf4j-2.23.1.jar:/Users/hosumlai/.m2/repository/org/apache/logging/log4j/log4j-api/2.23.1/log4j-api-2.23.1.jar:/Users/hosumlai/.m2/repository/org/slf4j/jul-to-slf4j/2.0.16/jul-to-slf4j-2.0.16.jar:/Users/hosumlai/.m2/repository/jakarta/annotation/jakarta.annotation-api/2.1.1/jakarta.annotation-api-2.1.1.jar:/Users/hosumlai/.m2/repository/org/springframework/spring-core/6.1.12/spring-core-6.1.12.jar:/Users/hosumlai/.m2/repository/org/springframework/spring-jcl/6.1.12/spring-jcl-6.1.12.jar:/Users/hosumlai/.m2/repository/org/yaml/snakeyaml/2.2/snakeyaml-2.2.jar:/Users/hosumlai/.m2/repository/org/springframework/boot/spring-boot-starter-jdbc/3.3.3/spring-boot-starter-jdbc-3.3.3.jar:/Users/hosumlai/.m2/repository/com/zaxxer/HikariCP/5.1.0/HikariCP-5.1.0.jar:/Users/hosumlai/.m2/repository/org/springframework/spring-jdbc/6.1.12/spring-jdbc-6.1.12.jar:/Users/hosumlai/.m2/repository/org/springframework/batch/spring-batch-core/5.1.2/spring-batch-core-5.1.2.jar:/Users/hosumlai/.m2/repository/org/springframework/batch/spring-batch-infrastructure/5.1.2/spring-batch-infrastructure-5.1.2.jar:/Users/hosumlai/.m2/repository/org/springframework/retry/spring-retry/2.0.6/spring-retry-2.0.6.jar:/Users/hosumlai/.m2/repository/org/springframework/spring-aop/6.1.7/spring-aop-6.1.7.jar:/Users/hosumlai/.m2/repository/org/springframework/spring-beans/6.1.7/spring-beans-6.1.7.jar:/Users/hosumlai/.m2/repository/org/springframework/spring-context/6.1.7/spring-context-6.1.7.jar:/Users/hosumlai/.m2/repository/org/springframework/spring-expression/6.1.7/spring-expression-6.1.7.jar:/Users/hosumlai/.m2/repository/org/springframework/spring-tx/6.1.7/spring-tx-6.1.7.jar:/Users/hosumlai/.m2/repository/io/micrometer/micrometer-core/1.12.6/micrometer-core-1.12.6.jar:/Users/hosumlai/.m2/repository/io/micrometer/micrometer-commons/1.12.6/micrometer-commons-1.12.6.jar:/Users/hosumlai/.m2/repository/org/hdrhistogram/HdrHistogram/2.1.12/HdrHistogram-2.1.12.jar:/Users/hosumlai/.m2/repository/org/latencyutils/LatencyUtils/2.0.3/LatencyUtils-2.0.3.jar:/Users/hosumlai/.m2/repository/io/micrometer/micrometer-observation/1.12.6/micrometer-observation-1.12.6.jar:/Users/hosumlai/.m2/repository/org/springframework/cloud/spring-cloud-starter-task/3.1.2/spring-cloud-starter-task-3.1.2.jar:/Users/hosumlai/.m2/repository/org/springframework/cloud/spring-cloud-task-core/3.1.2/spring-cloud-task-core-3.1.2.jar:/Users/hosumlai/.m2/repository/org/springframework/cloud/spring-cloud-deployer-autoconfigure/2.9.1/spring-cloud-deployer-autoconfigure-2.9.1.jar:/Users/hosumlai/.m2/repository/org/springframework/cloud/spring-cloud-deployer-resource-support/2.9.1/spring-cloud-deployer-resource-support-2.9.1.jar:/Users/hosumlai/.m2/repository/org/springframework/data/spring-data-commons/3.2.7/spring-data-commons-3.2.7.jar:/Users/hosumlai/.m2/repository/org/springframework/cloud/spring-cloud-task-batch/3.1.2/spring-cloud-task-batch-3.1.2.jar:/Users/hosumlai/.m2/repository/org/springframework/cloud/spring-cloud-task-stream/3.1.2/spring-cloud-task-stream-3.1.2.jar:/Users/hosumlai/.m2/repository/org/springframework/cloud/spring-cloud-deployer-spi/2.9.1/spring-cloud-deployer-spi-2.9.1.jar:/Users/hosumlai/.m2/repository/org/springframework/spring-web/5.3.30/spring-web-5.3.30.jar:/Users/hosumlai/.m2/repository/io/projectreactor/reactor-core/3.4.32/reactor-core-3.4.32.jar:/Users/hosumlai/.m2/repository/org/reactivestreams/reactive-streams/1.0.4/reactive-streams-1.0.4.jar:/Users/hosumlai/.m2/repository/com/fasterxml/jackson/core/jackson-databind/2.17.2/jackson-databind-2.17.2.jar:/Users/hosumlai/.m2/repository/com/fasterxml/jackson/core/jackson-annotations/2.17.2/jackson-annotations-2.17.2.jar:/Users/hosumlai/.m2/repository/com/fasterxml/jackson/core/jackson-core/2.17.2/jackson-core-2.17.2.jar:/Users/hosumlai/.m2/repository/ch/qos/logback/logback-classic/1.5.7/logback-classic-1.5.7.jar:/Users/hosumlai/.m2/repository/ch/qos/logback/logback-core/1.5.7/logback-core-1.5.7.jar:/Users/hosumlai/.m2/repository/org/slf4j/slf4j-api/2.0.15/slf4j-api-2.0.15.jar:/Users/hosumlai/.m2/repository/com/h2database/h2/2.2.224/h2-2.2.224.jar:"/>
    <property name="java.vm.vendor" value="Oracle Corporation"/>
    <property name="sun.arch.data.model" value="64"/>
    <property name="java.vendor.url" value="https://java.oracle.com/"/>
    <property name="os.name" value="Mac OS X"/>
    <property name="java.vm.specification.version" value="22"/>
    <property name="sun.java.launcher" value="SUN_STANDARD"/>
    <property name="user.country" value="CA"/>
    <property name="sun.boot.library.path" value="/Users/hosumlai/Library/Java/JavaVirtualMachines/openjdk-22.0.2/Contents/Home/lib"/>
    <property name="sun.java.command" value="/Users/hosumlai/test/spring-cloud-data-flow-poc/tasks/poc-task/target/surefire/surefirebooter-20250317160744166_3.jar /Users/hosumlai/test/spring-cloud-data-flow-poc/tasks/poc-task/target/surefire 2025-03-17T16-07-44_108-jvmRun1 surefire-20250317160744166_1tmp surefire_0-20250317160744166_2tmp"/>
    <property name="http.nonProxyHosts" value="local|*.local|169.254/16|*.169.254/16"/>
    <property name="jdk.debug" value="release"/>
    <property name="surefire.test.class.path" value="/Users/hosumlai/test/spring-cloud-data-flow-poc/tasks/poc-task/target/test-classes:/Users/hosumlai/test/spring-cloud-data-flow-poc/tasks/poc-task/target/classes:/Users/hosumlai/.m2/repository/junit/junit/3.8.1/junit-3.8.1.jar:/Users/hosumlai/.m2/repository/org/springframework/boot/spring-boot-starter-batch/3.3.3/spring-boot-starter-batch-3.3.3.jar:/Users/hosumlai/.m2/repository/org/springframework/boot/spring-boot-starter/3.3.3/spring-boot-starter-3.3.3.jar:/Users/hosumlai/.m2/repository/org/springframework/boot/spring-boot/3.3.3/spring-boot-3.3.3.jar:/Users/hosumlai/.m2/repository/org/springframework/boot/spring-boot-autoconfigure/3.3.3/spring-boot-autoconfigure-3.3.3.jar:/Users/hosumlai/.m2/repository/org/springframework/boot/spring-boot-starter-logging/3.3.3/spring-boot-starter-logging-3.3.3.jar:/Users/hosumlai/.m2/repository/org/apache/logging/log4j/log4j-to-slf4j/2.23.1/log4j-to-slf4j-2.23.1.jar:/Users/hosumlai/.m2/repository/org/apache/logging/log4j/log4j-api/2.23.1/log4j-api-2.23.1.jar:/Users/hosumlai/.m2/repository/org/slf4j/jul-to-slf4j/2.0.16/jul-to-slf4j-2.0.16.jar:/Users/hosumlai/.m2/repository/jakarta/annotation/jakarta.annotation-api/2.1.1/jakarta.annotation-api-2.1.1.jar:/Users/hosumlai/.m2/repository/org/springframework/spring-core/6.1.12/spring-core-6.1.12.jar:/Users/hosumlai/.m2/repository/org/springframework/spring-jcl/6.1.12/spring-jcl-6.1.12.jar:/Users/hosumlai/.m2/repository/org/yaml/snakeyaml/2.2/snakeyaml-2.2.jar:/Users/hosumlai/.m2/repository/org/springframework/boot/spring-boot-starter-jdbc/3.3.3/spring-boot-starter-jdbc-3.3.3.jar:/Users/hosumlai/.m2/repository/com/zaxxer/HikariCP/5.1.0/HikariCP-5.1.0.jar:/Users/hosumlai/.m2/repository/org/springframework/spring-jdbc/6.1.12/spring-jdbc-6.1.12.jar:/Users/hosumlai/.m2/repository/org/springframework/batch/spring-batch-core/5.1.2/spring-batch-core-5.1.2.jar:/Users/hosumlai/.m2/repository/org/springframework/batch/spring-batch-infrastructure/5.1.2/spring-batch-infrastructure-5.1.2.jar:/Users/hosumlai/.m2/repository/org/springframework/retry/spring-retry/2.0.6/spring-retry-2.0.6.jar:/Users/hosumlai/.m2/repository/org/springframework/spring-aop/6.1.7/spring-aop-6.1.7.jar:/Users/hosumlai/.m2/repository/org/springframework/spring-beans/6.1.7/spring-beans-6.1.7.jar:/Users/hosumlai/.m2/repository/org/springframework/spring-context/6.1.7/spring-context-6.1.7.jar:/Users/hosumlai/.m2/repository/org/springframework/spring-expression/6.1.7/spring-expression-6.1.7.jar:/Users/hosumlai/.m2/repository/org/springframework/spring-tx/6.1.7/spring-tx-6.1.7.jar:/Users/hosumlai/.m2/repository/io/micrometer/micrometer-core/1.12.6/micrometer-core-1.12.6.jar:/Users/hosumlai/.m2/repository/io/micrometer/micrometer-commons/1.12.6/micrometer-commons-1.12.6.jar:/Users/hosumlai/.m2/repository/org/hdrhistogram/HdrHistogram/2.1.12/HdrHistogram-2.1.12.jar:/Users/hosumlai/.m2/repository/org/latencyutils/LatencyUtils/2.0.3/LatencyUtils-2.0.3.jar:/Users/hosumlai/.m2/repository/io/micrometer/micrometer-observation/1.12.6/micrometer-observation-1.12.6.jar:/Users/hosumlai/.m2/repository/org/springframework/cloud/spring-cloud-starter-task/3.1.2/spring-cloud-starter-task-3.1.2.jar:/Users/hosumlai/.m2/repository/org/springframework/cloud/spring-cloud-task-core/3.1.2/spring-cloud-task-core-3.1.2.jar:/Users/hosumlai/.m2/repository/org/springframework/cloud/spring-cloud-deployer-autoconfigure/2.9.1/spring-cloud-deployer-autoconfigure-2.9.1.jar:/Users/hosumlai/.m2/repository/org/springframework/cloud/spring-cloud-deployer-resource-support/2.9.1/spring-cloud-deployer-resource-support-2.9.1.jar:/Users/hosumlai/.m2/repository/org/springframework/data/spring-data-commons/3.2.7/spring-data-commons-3.2.7.jar:/Users/hosumlai/.m2/repository/org/springframework/cloud/spring-cloud-task-batch/3.1.2/spring-cloud-task-batch-3.1.2.jar:/Users/hosumlai/.m2/repository/org/springframework/cloud/spring-cloud-task-stream/3.1.2/spring-cloud-task-stream-3.1.2.jar:/Users/hosumlai/.m2/repository/org/springframework/cloud/spring-cloud-deployer-spi/2.9.1/spring-cloud-deployer-spi-2.9.1.jar:/Users/hosumlai/.m2/repository/org/springframework/spring-web/5.3.30/spring-web-5.3.30.jar:/Users/hosumlai/.m2/repository/io/projectreactor/reactor-core/3.4.32/reactor-core-3.4.32.jar:/Users/hosumlai/.m2/repository/org/reactivestreams/reactive-streams/1.0.4/reactive-streams-1.0.4.jar:/Users/hosumlai/.m2/repository/com/fasterxml/jackson/core/jackson-databind/2.17.2/jackson-databind-2.17.2.jar:/Users/hosumlai/.m2/repository/com/fasterxml/jackson/core/jackson-annotations/2.17.2/jackson-annotations-2.17.2.jar:/Users/hosumlai/.m2/repository/com/fasterxml/jackson/core/jackson-core/2.17.2/jackson-core-2.17.2.jar:/Users/hosumlai/.m2/repository/ch/qos/logback/logback-classic/1.5.7/logback-classic-1.5.7.jar:/Users/hosumlai/.m2/repository/ch/qos/logback/logback-core/1.5.7/logback-core-1.5.7.jar:/Users/hosumlai/.m2/repository/org/slf4j/slf4j-api/2.0.15/slf4j-api-2.0.15.jar:/Users/hosumlai/.m2/repository/com/h2database/h2/2.2.224/h2-2.2.224.jar:"/>
    <property name="sun.cpu.endian" value="little"/>
    <property name="user.home" value="/Users/hosumlai"/>
    <property name="user.language" value="en"/>
    <property name="java.specification.vendor" value="Oracle Corporation"/>
    <property name="java.version.date" value="2024-07-16"/>
    <property name="java.home" value="/Users/hosumlai/Library/Java/JavaVirtualMachines/openjdk-22.0.2/Contents/Home"/>
    <property name="file.separator" value="/"/>
    <property name="basedir" value="/Users/hosumlai/test/spring-cloud-data-flow-poc/tasks/poc-task"/>
    <property name="java.vm.compressedOopsMode" value="Zero based"/>
    <property name="line.separator" value="&#10;"/>
    <property name="java.vm.specification.vendor" value="Oracle Corporation"/>
    <property name="java.specification.name" value="Java Platform API Specification"/>
    <property name="apple.awt.application.name" value="ForkedBooter"/>
    <property name="surefire.real.class.path" value="/Users/hosumlai/test/spring-cloud-data-flow-poc/tasks/poc-task/target/surefire/surefirebooter-20250317160744166_3.jar"/>
    <property name="sun.management.compiler" value="HotSpot 64-Bit Tiered Compilers"/>
    <property name="ftp.nonProxyHosts" value="local|*.local|169.254/16|*.169.254/16"/>
    <property name="java.runtime.version" value="22.0.2+9-70"/>
    <property name="user.name" value="hosumlai"/>
    <property name="stdout.encoding" value="UTF-8"/>
    <property name="path.separator" value=":"/>
    <property name="os.version" value="14.4"/>
    <property name="java.runtime.name" value="OpenJDK Runtime Environment"/>
    <property name="file.encoding" value="UTF-8"/>
    <property name="java.vm.name" value="OpenJDK 64-Bit Server VM"/>
    <property name="localRepository" value="/Users/hosumlai/.m2/repository"/>
    <property name="java.vendor.url.bug" value="https://bugreport.java.com/bugreport/"/>
    <property name="java.io.tmpdir" value="/var/folders/x1/05lwfymd7_q81z0hffrdknkh0000gn/T/"/>
    <property name="idea.version" value="2024.2.1"/>
    <property name="java.version" value="22.0.2"/>
    <property name="user.dir" value="/Users/hosumlai/test/spring-cloud-data-flow-poc/tasks/poc-task"/>
    <property name="os.arch" value="aarch64"/>
    <property name="java.vm.specification.name" value="Java Virtual Machine Specification"/>
    <property name="native.encoding" value="UTF-8"/>
    <property name="java.library.path" value="/Users/hosumlai/Library/Java/Extensions:/Library/Java/Extensions:/Network/Library/Java/Extensions:/System/Library/Java/Extensions:/usr/lib/java:."/>
    <property name="java.vm.info" value="mixed mode, sharing"/>
    <property name="stderr.encoding" value="UTF-8"/>
    <property name="java.vendor" value="Oracle Corporation"/>
    <property name="java.vm.version" value="22.0.2+9-70"/>
    <property name="sun.io.unicode.encoding" value="UnicodeBig"/>
    <property name="socksNonProxyHosts" value="local|*.local|169.254/16|*.169.254/16"/>
    <property name="java.class.version" value="66.0"/>
  </properties>
  <testcase name="testApp" classname="com.example.AppTest" time="0.005"/>
</testsuite>